# JRE version: OpenJDK Runtime Environment (11.0.2+9) (build 11.0.2+9)
# Java VM: OpenJDK 64-Bit Server VM (11.0.2+9, mixed mode, tiered, compressed oops, g1 gc, windows-amd64)
Heap:
 garbage-first heap   total 260096K, used 93216K [0x0000000703600000, 0x0000000800000000)
  region size 1024K, 86 young (88064K), 4 survivors (4096K)
 Metaspace       used 30425K, capacity 31158K, committed 31232K, reserved 1077248K
  class space    used 3528K, capacity 3813K, committed 3840K, reserved 1048576K
GC Heap History (6 events):
Event: 0.417 GC heap before
{Heap before GC invocations=0 (full 0):
 garbage-first heap   total 260096K, used 25600K [0x0000000703600000, 0x0000000800000000)
  region size 1024K, 24 young (24576K), 0 survivors (0K)
 Metaspace       used 11547K, capacity 11708K, committed 12032K, reserved 1060864K
  class space    used 1120K, capacity 1181K, committed 1280K, reserved 1048576K
}
Event: 0.420 GC heap after
{Heap after GC invocations=1 (full 0):
 garbage-first heap   total 260096K, used 6630K [0x0000000703600000, 0x0000000800000000)
  region size 1024K, 3 young (3072K), 3 survivors (3072K)
 Metaspace       used 11547K, capacity 11708K, committed 12032K, reserved 1060864K
  class space    used 1120K, capacity 1181K, committed 1280K, reserved 1048576K
}
Event: 0.820 GC heap before
{Heap before GC invocations=1 (full 0):
 garbage-first heap   total 260096K, used 55782K [0x0000000703600000, 0x0000000800000000)
  region size 1024K, 52 young (53248K), 3 survivors (3072K)
 Metaspace       used 20625K, capacity 21037K, committed 21248K, reserved 1069056K
  class space    used 2356K, capacity 2532K, committed 2560K, reserved 1048576K
}
Event: 0.824 GC heap after
{Heap after GC invocations=2 (full 0):
 garbage-first heap   total 260096K, used 8917K [0x0000000703600000, 0x0000000800000000)
  region size 1024K, 6 young (6144K), 6 survivors (6144K)
 Metaspace       used 20625K, capacity 21037K, committed 21248K, reserved 1069056K
  class space    used 2356K, capacity 2532K, committed 2560K, reserved 1048576K
}
Event: 0.952 GC heap before
{Heap before GC invocations=3 (full 0):
 garbage-first heap   total 260096K, used 69333K [0x0000000703600000, 0x0000000800000000)
  region size 1024K, 67 young (68608K), 6 survivors (6144K)
 Metaspace       used 23811K, capacity 24345K, committed 24576K, reserved 1071104K
  class space    used 2808K, capacity 3039K, committed 3072K, reserved 1048576K
}
Event: 0.956 GC heap after
{Heap after GC invocations=4 (full 0):
 garbage-first heap   total 260096K, used 10272K [0x0000000703600000, 0x0000000800000000)
  region size 1024K, 4 young (4096K), 4 survivors (4096K)
 Metaspace       used 23811K, capacity 24345K, committed 24576K, reserved 1071104K
  class space    used 2808K, capacity 3039K, committed 3072K, reserved 1048576K
}

