# JRE version: OpenJDK Runtime Environment (11.0.2+9) (build 11.0.2+9)
# Java VM: OpenJDK 64-Bit Server VM (11.0.2+9, mixed mode, tiered, compressed oops, g1 gc, windows-amd64)
Heap:
 garbage-first heap   total 312320K, used 133037K [0x0000000703600000, 0x0000000800000000)
  region size 1024K, 117 young (119808K), 9 survivors (9216K)
 Metaspace       used 71450K, capacity 73569K, committed 73760K, reserved 1114112K
  class space    used 9147K, capacity 9989K, committed 10112K, reserved 1048576K
GC Heap History (10 events):
Event: 0.837 GC heap before
{Heap before GC invocations=2 (full 0):
 garbage-first heap   total 260096K, used 36790K [0x0000000703600000, 0x0000000800000000)
  region size 1024K, 31 young (31744K), 2 survivors (2048K)
 Metaspace       used 20535K, capacity 20966K, committed 21248K, reserved 1069056K
  class space    used 2355K, capacity 2531K, committed 2560K, reserved 1048576K
}
Event: 0.840 GC heap after
{Heap after GC invocations=3 (full 0):
 garbage-first heap   total 260096K, used 9094K [0x0000000703600000, 0x0000000800000000)
  region size 1024K, 3 young (3072K), 3 survivors (3072K)
 Metaspace       used 20535K, capacity 20966K, committed 21248K, reserved 1069056K
  class space    used 2355K, capacity 2531K, committed 2560K, reserved 1048576K
}
Event: 1.008 GC heap before
{Heap before GC invocations=4 (full 0):
 garbage-first heap   total 260096K, used 80774K [0x0000000703600000, 0x0000000800000000)
  region size 1024K, 74 young (75776K), 3 survivors (3072K)
 Metaspace       used 25786K, capacity 26354K, committed 26496K, reserved 1073152K
  class space    used 2986K, capacity 3199K, committed 3200K, reserved 1048576K
}
Event: 1.010 GC heap after
{Heap after GC invocations=5 (full 0):
 garbage-first heap   total 260096K, used 10520K [0x0000000703600000, 0x0000000800000000)
  region size 1024K, 4 young (4096K), 4 survivors (4096K)
 Metaspace       used 25786K, capacity 26354K, committed 26496K, reserved 1073152K
  class space    used 2986K, capacity 3199K, committed 3200K, reserved 1048576K
}
Event: 1.804 GC heap before
{Heap before GC invocations=5 (full 0):
 garbage-first heap   total 260096K, used 119064K [0x0000000703600000, 0x0000000800000000)
  region size 1024K, 111 young (113664K), 4 survivors (4096K)
 Metaspace       used 34716K, capacity 35535K, committed 35628K, reserved 1081344K
  class space    used 4113K, capacity 4424K, committed 4480K, reserved 1048576K
}
Event: 1.813 GC heap after
{Heap after GC invocations=6 (full 0):
 garbage-first heap   total 312320K, used 14916K [0x0000000703600000, 0x0000000800000000)
  region size 1024K, 8 young (8192K), 8 survivors (8192K)
 Metaspace       used 34716K, capacity 35535K, committed 35628K, reserved 1081344K
  class space    used 4113K, capacity 4424K, committed 4480K, reserved 1048576K
}
Event: 3.253 GC heap before
{Heap before GC invocations=7 (full 0):
 garbage-first heap   total 312320K, used 173636K [0x0000000703600000, 0x0000000800000000)
  region size 1024K, 164 young (167936K), 8 survivors (8192K)
 Metaspace       used 58206K, capacity 59470K, committed 59808K, reserved 1101824K
  class space    used 7320K, capacity 7835K, committed 7936K, reserved 1048576K
}
Event: 3.261 GC heap after
{Heap after GC invocations=8 (full 0):
 garbage-first heap   total 312320K, used 22250K [0x0000000703600000, 0x0000000800000000)
  region size 1024K, 16 young (16384K), 16 survivors (16384K)
 Metaspace       used 58206K, capacity 59470K, committed 59808K, reserved 1101824K
  class space    used 7320K, capacity 7835K, committed 7936K, reserved 1048576K
}
Event: 3.275 GC heap before
{Heap before GC invocations=8 (full 0):
 garbage-first heap   total 312320K, used 23274K [0x0000000703600000, 0x0000000800000000)
  region size 1024K, 18 young (18432K), 16 survivors (16384K)
 Metaspace       used 58402K, capacity 59630K, committed 59808K, reserved 1101824K
  class space    used 7353K, capacity 7867K, committed 7936K, reserved 1048576K
}
Event: 3.288 GC heap after
{Heap after GC invocations=9 (full 0):
 garbage-first heap   total 312320K, used 23469K [0x0000000703600000, 0x0000000800000000)
  region size 1024K, 9 young (9216K), 9 survivors (9216K)
 Metaspace       used 58402K, capacity 59630K, committed 59808K, reserved 1101824K
  class space    used 7353K, capacity 7867K, committed 7936K, reserved 1048576K
}

